<?xml version="1.0" encoding="UTF-8"?>
<!-- Generated by org.testng.reporters.JUnitReportReporter -->
<testsuite hostname="God-of-Mischeif" failures="0" tests="1" name="com.LUMA.testRunner.LumaLogOutTestRunner" time="27.120" errors="0" timestamp="2025-03-19T14:16:55 IST" skipped="0">
  <testcase classname="com.LUMA.testRunner.LumaLogOutTestRunner" name="runScenario" time="27.120"/>
</testsuite> <!-- com.LUMA.testRunner.LumaLogOutTestRunner -->
