<?xml version="1.0" encoding="UTF-8"?>
<!-- Generated by org.testng.reporters.JUnitReportReporter -->
<testsuite hostname="Supriyareddy" failures="0" tests="1" name="testRunner.UserRegistrationTestRunner" time="83.860" errors="0" timestamp="2025-03-23T15:39:42 IST" skipped="0">
  <testcase classname="testRunner.UserRegistrationTestRunner" name="runScenario" time="83.860"/>
</testsuite> <!-- testRunner.UserRegistrationTestRunner -->
