<?xml version="1.0" encoding="UTF-8"?>
<!-- Generated by org.testng.reporters.JUnitReportReporter -->
<testsuite hostname="Supriyareddy" failures="0" tests="1" name="testRunner.LogoutTestRunner" time="65.065" errors="0" timestamp="2025-03-23T15:48:32 IST" skipped="0">
  <testcase classname="testRunner.LogoutTestRunner" name="runScenario" time="65.065"/>
</testsuite> <!-- testRunner.LogoutTestRunner -->
