<?xml version="1.0" encoding="UTF-8"?>
<!-- Generated by org.testng.reporters.JUnitReportReporter -->
<testsuite hostname="Supriyareddy" failures="0" tests="1" name="testRunner.LoginTestRunner" time="78.155" errors="0" timestamp="2025-03-23T15:41:16 IST" skipped="0">
  <testcase classname="testRunner.LoginTestRunner" name="runScenario" time="78.155"/>
</testsuite> <!-- testRunner.LoginTestRunner -->
