<?xml version="1.0" encoding="UTF-8"?>
<!-- Generated by org.testng.reporters.JUnitReportReporter -->
<testsuite hostname="Supriyareddy" failures="0" tests="1" name="testRunner.LogoutTestRunner" time="88.720" errors="0" timestamp="2025-03-22T10:12:49 IST" skipped="0">
  <testcase classname="testRunner.LogoutTestRunner" name="runScenario" time="88.720"/>
</testsuite> <!-- testRunner.LogoutTestRunner -->
