<?xml version="1.0" encoding="UTF-8"?>
<!-- Generated by org.testng.reporters.JUnitReportReporter -->
<testsuite hostname="Supriyareddy" failures="0" tests="1" name="testRunner.LoginTestRunner" time="22.165" errors="0" timestamp="2025-03-26T09:53:08 IST" skipped="0">
  <testcase classname="testRunner.LoginTestRunner" name="runScenario" time="22.165"/>
</testsuite> <!-- testRunner.LoginTestRunner -->
