<?xml version="1.0" encoding="UTF-8"?>
<!-- Generated by org.testng.reporters.JUnitReportReporter -->
<testsuite hostname="Supriyareddy" failures="0" tests="1" name="testRunner.LogoutTestRunner" time="126.320" errors="0" timestamp="2025-03-25T09:57:28 IST" skipped="0">
  <testcase classname="testRunner.LogoutTestRunner" name="runScenario" time="126.320"/>
</testsuite> <!-- testRunner.LogoutTestRunner -->
