<?xml version="1.0" encoding="UTF-8"?>
<!-- Generated by org.testng.reporters.JUnitReportReporter -->
<testsuite hostname="Supriyareddy" failures="0" tests="1" name="testRunner.UserRegistrationTestRunner" time="19.874" errors="0" timestamp="2025-03-22T10:07:45 IST" skipped="0">
  <testcase classname="testRunner.UserRegistrationTestRunner" name="runScenario" time="19.874"/>
</testsuite> <!-- testRunner.UserRegistrationTestRunner -->
