<?xml version="1.0" encoding="UTF-8"?>
<!-- Generated by org.testng.reporters.JUnitReportReporter -->
<testsuite hostname="Supriyareddy" failures="0" tests="1" name="testRunner.ProductSearchAddToCartTestRunner" time="24.693" errors="0" timestamp="2025-03-25T14:28:29 IST" skipped="0">
  <testcase classname="testRunner.ProductSearchAddToCartTestRunner" name="runScenario" time="24.693"/>
</testsuite> <!-- testRunner.ProductSearchAddToCartTestRunner -->
