<?xml version="1.0" encoding="UTF-8"?>
<!-- Generated by org.testng.reporters.JUnitReportReporter -->
<testsuite hostname="God-of-Mischeif" failures="0" tests="5" name="com.LUMA.testRunner.LumaUserRegestrationTestRunner" time="236.562" errors="0" timestamp="2025-03-22T17:47:33 IST" skipped="0">
  <testcase classname="com.LUMA.testRunner.LumaUserRegestrationTestRunner" name="runScenario" time="48.870"/>
  <testcase classname="com.LUMA.testRunner.LumaUserRegestrationTestRunner" name="runScenario" time="87.689"/>
  <testcase classname="com.LUMA.testRunner.LumaUserRegestrationTestRunner" name="runScenario" time="26.448"/>
  <testcase classname="com.LUMA.testRunner.LumaUserRegestrationTestRunner" name="runScenario" time="23.006"/>
  <testcase classname="com.LUMA.testRunner.LumaUserRegestrationTestRunner" name="runScenario" time="50.549"/>
</testsuite> <!-- com.LUMA.testRunner.LumaUserRegestrationTestRunner -->
