<?xml version="1.0" encoding="UTF-8"?>
<!-- Generated by org.testng.reporters.JUnitReportReporter -->
<testsuite hostname="Supriyareddy" failures="0" tests="1" name="testRunner.LoginTestRunner" time="21.365" errors="0" timestamp="2025-03-22T10:08:52 IST" skipped="0">
  <testcase classname="testRunner.LoginTestRunner" name="runScenario" time="21.365"/>
</testsuite> <!-- testRunner.LoginTestRunner -->
