<?xml version="1.0" encoding="UTF-8"?>
<!-- Generated by org.testng.reporters.JUnitReportReporter -->
<testsuite hostname="Supriyareddy" failures="0" tests="1" name="testNG.ProceedToCheckoutTC" time="19.986" errors="0" timestamp="2025-03-26T09:57:31 IST" skipped="0">
  <testcase classname="testNG.ProceedToCheckoutTC" name="testAddToCartAndProceedToCheckout" time="19.986"/>
</testsuite> <!-- testNG.ProceedToCheckoutTC -->
