<?xml version="1.0" encoding="UTF-8"?>
<!-- Generated by org.testng.reporters.JUnitReportReporter -->
<testsuite hostname="Supriyareddy" failures="0" tests="1" name="testRunner.LogOutTestRunner" time="141.599" errors="0" timestamp="2025-03-20T17:52:54 IST" skipped="0">
  <testcase classname="testRunner.LogOutTestRunner" name="runScenario" time="141.599"/>
</testsuite> <!-- testRunner.LogOutTestRunner -->
