<?xml version="1.0" encoding="UTF-8"?>
<!-- Generated by org.testng.reporters.JUnitReportReporter -->
<testsuite hostname="Supriyareddy" failures="0" tests="1" name="testRunner.UserRegestrationTestRunner" time="73.502" errors="0" timestamp="2025-03-21T11:30:22 IST" skipped="0">
  <testcase classname="testRunner.UserRegestrationTestRunner" name="runScenario" time="73.502"/>
</testsuite> <!-- testRunner.UserRegestrationTestRunner -->
