<?xml version="1.0" encoding="UTF-8"?>
<!-- Generated by org.testng.reporters.JUnitReportReporter -->
<testsuite hostname="Supriyareddy" failures="0" tests="1" name="testNG.ProceedToCheckout" time="22.846" errors="0" timestamp="2025-03-25T14:28:29 IST" skipped="0">
  <testcase classname="testNG.ProceedToCheckout" name="testAddToCartAndProceedToCheckout" time="22.846"/>
</testsuite> <!-- testNG.ProceedToCheckout -->
