<?xml version="1.0" encoding="UTF-8"?>
<!-- Generated by org.testng.reporters.JUnitReportReporter -->
<testsuite hostname="Supriyareddy" failures="0" tests="1" name="testRunner.AddingMultipleProductsTestRunner" time="83.647" errors="0" timestamp="2025-03-26T09:56:45 IST" skipped="0">
  <testcase classname="testRunner.AddingMultipleProductsTestRunner" name="runScenario" time="83.647"/>
</testsuite> <!-- testRunner.AddingMultipleProductsTestRunner -->
