<?xml version="1.0" encoding="UTF-8"?>
<!-- Generated by org.testng.reporters.JUnitReportReporter -->
<testsuite hostname="Supriyareddy" failures="0" tests="1" name="testRunner.ProductSearchAddToCartTestRunner" time="60.536" errors="0" timestamp="2025-03-23T15:42:52 IST" skipped="0">
  <testcase classname="testRunner.ProductSearchAddToCartTestRunner" name="runScenario" time="60.536"/>
</testsuite> <!-- testRunner.ProductSearchAddToCartTestRunner -->
