<?xml version="1.0" encoding="UTF-8"?>
<!-- Generated by org.testng.reporters.JUnitReportReporter -->
<testsuite hostname="Supriyareddy" failures="0" tests="1" name="testRunner.UserRegistrationTestRunner" time="23.614" errors="0" timestamp="2025-03-21T11:52:05 IST" skipped="0">
  <testcase classname="testRunner.UserRegistrationTestRunner" name="runScenario" time="23.614"/>
</testsuite> <!-- testRunner.UserRegistrationTestRunner -->
